Analysis & Synthesis report for Lab8
Mon Mar 20 17:11:43 2023
Quartus Prime Version 20.1.1 Build 720 11/11/2020 SJ Standard Edition


---------------------
; Table of Contents ;
---------------------
  1. Legal Notice
  2. Analysis & Synthesis Summary
  3. Analysis & Synthesis Settings
  4. Parallel Compilation
  5. Analysis & Synthesis Source Files Read
  6. Analysis & Synthesis Resource Usage Summary
  7. Analysis & Synthesis Resource Utilization by Entity
  8. Registers Removed During Synthesis
  9. Removed Registers Triggering Further Register Optimizations
 10. General Register Statistics
 11. Multiplexer Restructuring Statistics (Restructuring Performed)
 12. Parameter Settings for User Entity Instance: Lab8Part3:control
 13. Port Connectivity Checks: "Lab8Part3:control|MUX6to1:case6"
 14. Port Connectivity Checks: "Lab8Part3:control|MUX6to1:case5"
 15. Port Connectivity Checks: "Lab8Part3:control|MUX6to1:case4"
 16. Port Connectivity Checks: "Lab8Part3:control|MUX6to1:case3"
 17. Port Connectivity Checks: "Lab8Part3:control|MUX6to1:case2"
 18. Port Connectivity Checks: "Lab8Part3:control|MUX6to1:case1"
 19. Post-Synthesis Netlist Statistics for Top Partition
 20. Elapsed Time Per Partition
 21. Analysis & Synthesis Messages
 22. Analysis & Synthesis Suppressed Messages



----------------
; Legal Notice ;
----------------
Copyright (C) 2020  Intel Corporation. All rights reserved.
Your use of Intel Corporation's design tools, logic functions 
and other software and tools, and any partner logic 
functions, and any output files from any of the foregoing 
(including device programming or simulation files), and any 
associated documentation or information are expressly subject 
to the terms and conditions of the Intel Program License 
Subscription Agreement, the Intel Quartus Prime License Agreement,
the Intel FPGA IP License Agreement, or other applicable license
agreement, including, without limitation, that your use is for
the sole purpose of programming logic devices manufactured by
Intel and sold by Intel or its authorized distributors.  Please
refer to the applicable agreement for further details, at
https://fpgasoftware.intel.com/eula.



+--------------------------------------------------------------------------------------+
; Analysis & Synthesis Summary                                                         ;
+------------------------------------+-------------------------------------------------+
; Analysis & Synthesis Status        ; Successful - Mon Mar 20 17:11:43 2023           ;
; Quartus Prime Version              ; 20.1.1 Build 720 11/11/2020 SJ Standard Edition ;
; Revision Name                      ; Lab8                                            ;
; Top-level Entity Name              ; Lab8Part4                                       ;
; Family                             ; MAX 10                                          ;
; Total logic elements               ; 84                                              ;
;     Total combinational functions  ; 84                                              ;
;     Dedicated logic registers      ; 29                                              ;
; Total registers                    ; 29                                              ;
; Total pins                         ; 44                                              ;
; Total virtual pins                 ; 0                                               ;
; Total memory bits                  ; 0                                               ;
; Embedded Multiplier 9-bit elements ; 0                                               ;
; Total PLLs                         ; 0                                               ;
; UFM blocks                         ; 0                                               ;
; ADC blocks                         ; 0                                               ;
+------------------------------------+-------------------------------------------------+


+------------------------------------------------------------------------------------------------------------+
; Analysis & Synthesis Settings                                                                              ;
+------------------------------------------------------------------+--------------------+--------------------+
; Option                                                           ; Setting            ; Default Value      ;
+------------------------------------------------------------------+--------------------+--------------------+
; Device                                                           ; 10M50DAF484C7G     ;                    ;
; Top-level entity name                                            ; Lab8Part4          ; Lab8               ;
; Family name                                                      ; MAX 10             ; Cyclone V          ;
; Use smart compilation                                            ; Off                ; Off                ;
; Enable parallel Assembler and Timing Analyzer during compilation ; On                 ; On                 ;
; Enable compact report table                                      ; Off                ; Off                ;
; Restructure Multiplexers                                         ; Auto               ; Auto               ;
; Create Debugging Nodes for IP Cores                              ; Off                ; Off                ;
; Preserve fewer node names                                        ; On                 ; On                 ;
; Intel FPGA IP Evaluation Mode                                    ; Enable             ; Enable             ;
; Verilog Version                                                  ; Verilog_2001       ; Verilog_2001       ;
; VHDL Version                                                     ; VHDL_1993          ; VHDL_1993          ;
; State Machine Processing                                         ; Auto               ; Auto               ;
; Safe State Machine                                               ; Off                ; Off                ;
; Extract Verilog State Machines                                   ; On                 ; On                 ;
; Extract VHDL State Machines                                      ; On                 ; On                 ;
; Ignore Verilog initial constructs                                ; Off                ; Off                ;
; Iteration limit for constant Verilog loops                       ; 5000               ; 5000               ;
; Iteration limit for non-constant Verilog loops                   ; 250                ; 250                ;
; Add Pass-Through Logic to Inferred RAMs                          ; On                 ; On                 ;
; Infer RAMs from Raw Logic                                        ; On                 ; On                 ;
; Parallel Synthesis                                               ; On                 ; On                 ;
; DSP Block Balancing                                              ; Auto               ; Auto               ;
; NOT Gate Push-Back                                               ; On                 ; On                 ;
; Power-Up Don't Care                                              ; On                 ; On                 ;
; Remove Redundant Logic Cells                                     ; Off                ; Off                ;
; Remove Duplicate Registers                                       ; On                 ; On                 ;
; Ignore CARRY Buffers                                             ; Off                ; Off                ;
; Ignore CASCADE Buffers                                           ; Off                ; Off                ;
; Ignore GLOBAL Buffers                                            ; Off                ; Off                ;
; Ignore ROW GLOBAL Buffers                                        ; Off                ; Off                ;
; Ignore LCELL Buffers                                             ; Off                ; Off                ;
; Ignore SOFT Buffers                                              ; On                 ; On                 ;
; Limit AHDL Integers to 32 Bits                                   ; Off                ; Off                ;
; Optimization Technique                                           ; Balanced           ; Balanced           ;
; Carry Chain Length                                               ; 70                 ; 70                 ;
; Auto Carry Chains                                                ; On                 ; On                 ;
; Auto Open-Drain Pins                                             ; On                 ; On                 ;
; Perform WYSIWYG Primitive Resynthesis                            ; Off                ; Off                ;
; Auto ROM Replacement                                             ; On                 ; On                 ;
; Auto RAM Replacement                                             ; On                 ; On                 ;
; Auto DSP Block Replacement                                       ; On                 ; On                 ;
; Auto Shift Register Replacement                                  ; Auto               ; Auto               ;
; Allow Shift Register Merging across Hierarchies                  ; Auto               ; Auto               ;
; Auto Clock Enable Replacement                                    ; On                 ; On                 ;
; Strict RAM Replacement                                           ; Off                ; Off                ;
; Allow Synchronous Control Signals                                ; On                 ; On                 ;
; Force Use of Synchronous Clear Signals                           ; Off                ; Off                ;
; Auto RAM Block Balancing                                         ; On                 ; On                 ;
; Auto RAM to Logic Cell Conversion                                ; Off                ; Off                ;
; Auto Resource Sharing                                            ; Off                ; Off                ;
; Allow Any RAM Size For Recognition                               ; Off                ; Off                ;
; Allow Any ROM Size For Recognition                               ; Off                ; Off                ;
; Allow Any Shift Register Size For Recognition                    ; Off                ; Off                ;
; Use LogicLock Constraints during Resource Balancing              ; On                 ; On                 ;
; Ignore translate_off and synthesis_off directives                ; Off                ; Off                ;
; Timing-Driven Synthesis                                          ; On                 ; On                 ;
; Report Parameter Settings                                        ; On                 ; On                 ;
; Report Source Assignments                                        ; On                 ; On                 ;
; Report Connectivity Checks                                       ; On                 ; On                 ;
; Ignore Maximum Fan-Out Assignments                               ; Off                ; Off                ;
; Synchronization Register Chain Length                            ; 2                  ; 2                  ;
; Power Optimization During Synthesis                              ; Normal compilation ; Normal compilation ;
; HDL message level                                                ; Level2             ; Level2             ;
; Suppress Register Optimization Related Messages                  ; Off                ; Off                ;
; Number of Removed Registers Reported in Synthesis Report         ; 5000               ; 5000               ;
; Number of Swept Nodes Reported in Synthesis Report               ; 5000               ; 5000               ;
; Number of Inverted Registers Reported in Synthesis Report        ; 100                ; 100                ;
; Clock MUX Protection                                             ; On                 ; On                 ;
; Auto Gated Clock Conversion                                      ; Off                ; Off                ;
; Block Design Naming                                              ; Auto               ; Auto               ;
; SDC constraint protection                                        ; Off                ; Off                ;
; Synthesis Effort                                                 ; Auto               ; Auto               ;
; Shift Register Replacement - Allow Asynchronous Clear Signal     ; On                 ; On                 ;
; Pre-Mapping Resynthesis Optimization                             ; Off                ; Off                ;
; Analysis & Synthesis Message Level                               ; Medium             ; Medium             ;
; Disable Register Merging Across Hierarchies                      ; Auto               ; Auto               ;
; Resource Aware Inference For Block RAM                           ; On                 ; On                 ;
+------------------------------------------------------------------+--------------------+--------------------+


+------------------------------------------+
; Parallel Compilation                     ;
+----------------------------+-------------+
; Processors                 ; Number      ;
+----------------------------+-------------+
; Number detected on machine ; 8           ;
; Maximum allowed            ; 4           ;
;                            ;             ;
; Average used               ; 1.00        ;
; Maximum used               ; 4           ;
;                            ;             ;
; Usage by Processor         ; % Time Used ;
;     Processor 1            ; 100.0%      ;
;     Processors 2-4         ;   0.0%      ;
+----------------------------+-------------+


+-------------------------------------------------------------------------------------------------------------------------------------------------------------+
; Analysis & Synthesis Source Files Read                                                                                                                      ;
+----------------------------------+-----------------+------------------------+---------------------------------------------------------------------+---------+
; File Name with User-Entered Path ; Used in Netlist ; File Type              ; File Name with Absolute Path                                        ; Library ;
+----------------------------------+-----------------+------------------------+---------------------------------------------------------------------+---------+
; MUX6to1.v                        ; yes             ; User Verilog HDL File  ; D:/MTU Semester VI/EE2174 Digital Logic/Lab/Lab8/src/MUX6to1.v      ;         ;
; MUX3bit2to1.v                    ; yes             ; User Verilog HDL File  ; D:/MTU Semester VI/EE2174 Digital Logic/Lab/Lab8/src/MUX3bit2to1.v  ;         ;
; Lab8Part4.v                      ; yes             ; User Verilog HDL File  ; D:/MTU Semester VI/EE2174 Digital Logic/Lab/Lab8/src/Lab8Part4.v    ;         ;
; Lab8Part3.v                      ; yes             ; User Verilog HDL File  ; D:/MTU Semester VI/EE2174 Digital Logic/Lab/Lab8/src/Lab8Part3.v    ;         ;
; HelloDecoder.v                   ; yes             ; User Verilog HDL File  ; D:/MTU Semester VI/EE2174 Digital Logic/Lab/Lab8/src/HelloDecoder.v ;         ;
; Timer.v                          ; yes             ; User Verilog HDL File  ; D:/MTU Semester VI/EE2174 Digital Logic/Lab/Lab8/src/Timer.v        ;         ;
+----------------------------------+-----------------+------------------------+---------------------------------------------------------------------+---------+


+--------------------------------------------------------------+
; Analysis & Synthesis Resource Usage Summary                  ;
+---------------------------------------------+----------------+
; Resource                                    ; Usage          ;
+---------------------------------------------+----------------+
; Estimated Total logic elements              ; 84             ;
;                                             ;                ;
; Total combinational functions               ; 84             ;
; Logic element usage by number of LUT inputs ;                ;
;     -- 4 input functions                    ; 10             ;
;     -- 3 input functions                    ; 16             ;
;     -- <=2 input functions                  ; 58             ;
;                                             ;                ;
; Logic elements by mode                      ;                ;
;     -- normal mode                          ; 58             ;
;     -- arithmetic mode                      ; 26             ;
;                                             ;                ;
; Total registers                             ; 29             ;
;     -- Dedicated logic registers            ; 29             ;
;     -- I/O registers                        ; 0              ;
;                                             ;                ;
; I/O pins                                    ; 44             ;
;                                             ;                ;
; Embedded Multiplier 9-bit elements          ; 0              ;
;                                             ;                ;
; Maximum fan-out node                        ; CLOCK_50~input ;
; Maximum fan-out                             ; 29             ;
; Total fan-out                               ; 349            ;
; Average fan-out                             ; 1.74           ;
+---------------------------------------------+----------------+


+--------------------------------------------------------------------------------------------------------------------------------------------------------------------------------------------------------------------------------------------------------------------------------+
; Analysis & Synthesis Resource Utilization by Entity                                                                                                                                                                                                                            ;
+-------------------------------+---------------------+---------------------------+-------------+------------+--------------+---------+-----------+------+--------------+------------+-------------------------------------------------------------+--------------+--------------+
; Compilation Hierarchy Node    ; Combinational ALUTs ; Dedicated Logic Registers ; Memory Bits ; UFM Blocks ; DSP Elements ; DSP 9x9 ; DSP 18x18 ; Pins ; Virtual Pins ; ADC blocks ; Full Hierarchy Name                                         ; Entity Name  ; Library Name ;
+-------------------------------+---------------------+---------------------------+-------------+------------+--------------+---------+-----------+------+--------------+------------+-------------------------------------------------------------+--------------+--------------+
; |Lab8Part4                    ; 84 (0)              ; 29 (0)                    ; 0           ; 0          ; 0            ; 0       ; 0         ; 44   ; 0            ; 0          ; |Lab8Part4                                                  ; Lab8Part4    ; work         ;
;    |Lab8Part3:control|        ; 21 (0)              ; 0 (0)                     ; 0           ; 0          ; 0            ; 0       ; 0         ; 0    ; 0            ; 0          ; |Lab8Part4|Lab8Part3:control                                ; Lab8Part3    ; work         ;
;       |HelloDecoder:display1| ; 1 (1)               ; 0 (0)                     ; 0           ; 0          ; 0            ; 0       ; 0         ; 0    ; 0            ; 0          ; |Lab8Part4|Lab8Part3:control|HelloDecoder:display1          ; HelloDecoder ; work         ;
;       |HelloDecoder:display2| ; 2 (2)               ; 0 (0)                     ; 0           ; 0          ; 0            ; 0       ; 0         ; 0    ; 0            ; 0          ; |Lab8Part4|Lab8Part3:control|HelloDecoder:display2          ; HelloDecoder ; work         ;
;       |HelloDecoder:display3| ; 1 (1)               ; 0 (0)                     ; 0           ; 0          ; 0            ; 0       ; 0         ; 0    ; 0            ; 0          ; |Lab8Part4|Lab8Part3:control|HelloDecoder:display3          ; HelloDecoder ; work         ;
;       |HelloDecoder:display4| ; 3 (3)               ; 0 (0)                     ; 0           ; 0          ; 0            ; 0       ; 0         ; 0    ; 0            ; 0          ; |Lab8Part4|Lab8Part3:control|HelloDecoder:display4          ; HelloDecoder ; work         ;
;       |HelloDecoder:display5| ; 4 (4)               ; 0 (0)                     ; 0           ; 0          ; 0            ; 0       ; 0         ; 0    ; 0            ; 0          ; |Lab8Part4|Lab8Part3:control|HelloDecoder:display5          ; HelloDecoder ; work         ;
;       |HelloDecoder:display6| ; 3 (3)               ; 0 (0)                     ; 0           ; 0          ; 0            ; 0       ; 0         ; 0    ; 0            ; 0          ; |Lab8Part4|Lab8Part3:control|HelloDecoder:display6          ; HelloDecoder ; work         ;
;       |MUX6to1:case3|         ; 1 (0)               ; 0 (0)                     ; 0           ; 0          ; 0            ; 0       ; 0         ; 0    ; 0            ; 0          ; |Lab8Part4|Lab8Part3:control|MUX6to1:case3                  ; MUX6to1      ; work         ;
;          |MUX3bit2to1:MUX4|   ; 1 (1)               ; 0 (0)                     ; 0           ; 0          ; 0            ; 0       ; 0         ; 0    ; 0            ; 0          ; |Lab8Part4|Lab8Part3:control|MUX6to1:case3|MUX3bit2to1:MUX4 ; MUX3bit2to1  ; work         ;
;       |MUX6to1:case4|         ; 1 (0)               ; 0 (0)                     ; 0           ; 0          ; 0            ; 0       ; 0         ; 0    ; 0            ; 0          ; |Lab8Part4|Lab8Part3:control|MUX6to1:case4                  ; MUX6to1      ; work         ;
;          |MUX3bit2to1:MUX4|   ; 1 (1)               ; 0 (0)                     ; 0           ; 0          ; 0            ; 0       ; 0         ; 0    ; 0            ; 0          ; |Lab8Part4|Lab8Part3:control|MUX6to1:case4|MUX3bit2to1:MUX4 ; MUX3bit2to1  ; work         ;
;       |MUX6to1:case5|         ; 1 (0)               ; 0 (0)                     ; 0           ; 0          ; 0            ; 0       ; 0         ; 0    ; 0            ; 0          ; |Lab8Part4|Lab8Part3:control|MUX6to1:case5                  ; MUX6to1      ; work         ;
;          |MUX3bit2to1:MUX4|   ; 1 (1)               ; 0 (0)                     ; 0           ; 0          ; 0            ; 0       ; 0         ; 0    ; 0            ; 0          ; |Lab8Part4|Lab8Part3:control|MUX6to1:case5|MUX3bit2to1:MUX4 ; MUX3bit2to1  ; work         ;
;       |MUX6to1:case6|         ; 4 (0)               ; 0 (0)                     ; 0           ; 0          ; 0            ; 0       ; 0         ; 0    ; 0            ; 0          ; |Lab8Part4|Lab8Part3:control|MUX6to1:case6                  ; MUX6to1      ; work         ;
;          |MUX3bit2to1:MUX4|   ; 4 (4)               ; 0 (0)                     ; 0           ; 0          ; 0            ; 0       ; 0         ; 0    ; 0            ; 0          ; |Lab8Part4|Lab8Part3:control|MUX6to1:case6|MUX3bit2to1:MUX4 ; MUX3bit2to1  ; work         ;
;    |Timer:t|                  ; 63 (63)             ; 29 (29)                   ; 0           ; 0          ; 0            ; 0       ; 0         ; 0    ; 0            ; 0          ; |Lab8Part4|Timer:t                                          ; Timer        ; work         ;
+-------------------------------+---------------------+---------------------------+-------------+------------+--------------+---------+-----------+------+--------------+------------+-------------------------------------------------------------+--------------+--------------+
Note: For table entries with two numbers listed, the numbers in parentheses indicate the number of resources of the given type used by the specific entity alone. The numbers listed outside of parentheses indicate the total resources of the given type used by the specific entity and all of its sub-entities in the hierarchy.


+--------------------------------------------------------------------------------+
; Registers Removed During Synthesis                                             ;
+---------------------------------------+----------------------------------------+
; Register name                         ; Reason for Removal                     ;
+---------------------------------------+----------------------------------------+
; Timer:t|clock_counter[26..31]         ; Stuck at GND due to stuck port data_in ;
; Total Number of Removed Registers = 6 ;                                        ;
+---------------------------------------+----------------------------------------+


+--------------------------------------------------------------------------------------------------------------+
; Removed Registers Triggering Further Register Optimizations                                                  ;
+---------------------------+---------------------------+------------------------------------------------------+
; Register name             ; Reason for Removal        ; Registers Removed due to This Register               ;
+---------------------------+---------------------------+------------------------------------------------------+
; Timer:t|clock_counter[31] ; Stuck at GND              ; Timer:t|clock_counter[27], Timer:t|clock_counter[26] ;
;                           ; due to stuck port data_in ;                                                      ;
+---------------------------+---------------------------+------------------------------------------------------+


+------------------------------------------------------+
; General Register Statistics                          ;
+----------------------------------------------+-------+
; Statistic                                    ; Value ;
+----------------------------------------------+-------+
; Total registers                              ; 29    ;
; Number of registers using Synchronous Clear  ; 0     ;
; Number of registers using Synchronous Load   ; 0     ;
; Number of registers using Asynchronous Clear ; 0     ;
; Number of registers using Asynchronous Load  ; 0     ;
; Number of registers using Clock Enable       ; 3     ;
; Number of registers using Preset             ; 0     ;
+----------------------------------------------+-------+


+------------------------------------------------------------------------------------------------------------------------------------------+
; Multiplexer Restructuring Statistics (Restructuring Performed)                                                                           ;
+--------------------+-----------+---------------+----------------------+------------------------+------------+----------------------------+
; Multiplexer Inputs ; Bus Width ; Baseline Area ; Area if Restructured ; Saving if Restructured ; Registered ; Example Multiplexer Output ;
+--------------------+-----------+---------------+----------------------+------------------------+------------+----------------------------+
; 4:1                ; 2 bits    ; 4 LEs         ; 4 LEs                ; 0 LEs                  ; Yes        ; |Lab8Part4|Timer:t|out[1]  ;
+--------------------+-----------+---------------+----------------------+------------------------+------------+----------------------------+


+----------------------------------------------------------------+
; Parameter Settings for User Entity Instance: Lab8Part3:control ;
+----------------+-------+---------------------------------------+
; Parameter Name ; Value ; Type                                  ;
+----------------+-------+---------------------------------------+
; H              ; 000   ; Unsigned Binary                       ;
; E              ; 001   ; Unsigned Binary                       ;
; L              ; 010   ; Unsigned Binary                       ;
; O              ; 011   ; Unsigned Binary                       ;
; B              ; 100   ; Unsigned Binary                       ;
+----------------+-------+---------------------------------------+
Note: In order to hide this table in the UI and the text report file, please set the "Show Parameter Settings in Synthesis Report" option in "Analysis and Synthesis Settings -> More Settings" to "Off".


+-------------------------------------------------------------+
; Port Connectivity Checks: "Lab8Part3:control|MUX6to1:case6" ;
+---------+-------+----------+--------------------------------+
; Port    ; Type  ; Severity ; Details                        ;
+---------+-------+----------+--------------------------------+
; A[1..0] ; Input ; Info     ; Stuck at GND                   ;
; A[2]    ; Input ; Info     ; Stuck at VCC                   ;
; B       ; Input ; Info     ; Stuck at GND                   ;
; C[2..1] ; Input ; Info     ; Stuck at GND                   ;
; C[0]    ; Input ; Info     ; Stuck at VCC                   ;
; D[2]    ; Input ; Info     ; Stuck at GND                   ;
; D[1]    ; Input ; Info     ; Stuck at VCC                   ;
; D[0]    ; Input ; Info     ; Stuck at GND                   ;
; E[2]    ; Input ; Info     ; Stuck at GND                   ;
; E[1]    ; Input ; Info     ; Stuck at VCC                   ;
; E[0]    ; Input ; Info     ; Stuck at GND                   ;
; F[1..0] ; Input ; Info     ; Stuck at VCC                   ;
; F[2]    ; Input ; Info     ; Stuck at GND                   ;
+---------+-------+----------+--------------------------------+


+-------------------------------------------------------------+
; Port Connectivity Checks: "Lab8Part3:control|MUX6to1:case5" ;
+---------+-------+----------+--------------------------------+
; Port    ; Type  ; Severity ; Details                        ;
+---------+-------+----------+--------------------------------+
; A[1..0] ; Input ; Info     ; Stuck at VCC                   ;
; A[2]    ; Input ; Info     ; Stuck at GND                   ;
; B[1..0] ; Input ; Info     ; Stuck at GND                   ;
; B[2]    ; Input ; Info     ; Stuck at VCC                   ;
; C       ; Input ; Info     ; Stuck at GND                   ;
; D[2..1] ; Input ; Info     ; Stuck at GND                   ;
; D[0]    ; Input ; Info     ; Stuck at VCC                   ;
; E[2]    ; Input ; Info     ; Stuck at GND                   ;
; E[1]    ; Input ; Info     ; Stuck at VCC                   ;
; E[0]    ; Input ; Info     ; Stuck at GND                   ;
; F[2]    ; Input ; Info     ; Stuck at GND                   ;
; F[1]    ; Input ; Info     ; Stuck at VCC                   ;
; F[0]    ; Input ; Info     ; Stuck at GND                   ;
+---------+-------+----------+--------------------------------+


+-------------------------------------------------------------+
; Port Connectivity Checks: "Lab8Part3:control|MUX6to1:case4" ;
+---------+-------+----------+--------------------------------+
; Port    ; Type  ; Severity ; Details                        ;
+---------+-------+----------+--------------------------------+
; A[2]    ; Input ; Info     ; Stuck at GND                   ;
; A[1]    ; Input ; Info     ; Stuck at VCC                   ;
; A[0]    ; Input ; Info     ; Stuck at GND                   ;
; B[1..0] ; Input ; Info     ; Stuck at VCC                   ;
; B[2]    ; Input ; Info     ; Stuck at GND                   ;
; C[1..0] ; Input ; Info     ; Stuck at GND                   ;
; C[2]    ; Input ; Info     ; Stuck at VCC                   ;
; D       ; Input ; Info     ; Stuck at GND                   ;
; E[2..1] ; Input ; Info     ; Stuck at GND                   ;
; E[0]    ; Input ; Info     ; Stuck at VCC                   ;
; F[2]    ; Input ; Info     ; Stuck at GND                   ;
; F[1]    ; Input ; Info     ; Stuck at VCC                   ;
; F[0]    ; Input ; Info     ; Stuck at GND                   ;
+---------+-------+----------+--------------------------------+


+-------------------------------------------------------------+
; Port Connectivity Checks: "Lab8Part3:control|MUX6to1:case3" ;
+---------+-------+----------+--------------------------------+
; Port    ; Type  ; Severity ; Details                        ;
+---------+-------+----------+--------------------------------+
; A[2]    ; Input ; Info     ; Stuck at GND                   ;
; A[1]    ; Input ; Info     ; Stuck at VCC                   ;
; A[0]    ; Input ; Info     ; Stuck at GND                   ;
; B[2]    ; Input ; Info     ; Stuck at GND                   ;
; B[1]    ; Input ; Info     ; Stuck at VCC                   ;
; B[0]    ; Input ; Info     ; Stuck at GND                   ;
; C[1..0] ; Input ; Info     ; Stuck at VCC                   ;
; C[2]    ; Input ; Info     ; Stuck at GND                   ;
; D[1..0] ; Input ; Info     ; Stuck at GND                   ;
; D[2]    ; Input ; Info     ; Stuck at VCC                   ;
; E       ; Input ; Info     ; Stuck at GND                   ;
; F[2..1] ; Input ; Info     ; Stuck at GND                   ;
; F[0]    ; Input ; Info     ; Stuck at VCC                   ;
+---------+-------+----------+--------------------------------+


+-------------------------------------------------------------+
; Port Connectivity Checks: "Lab8Part3:control|MUX6to1:case2" ;
+---------+-------+----------+--------------------------------+
; Port    ; Type  ; Severity ; Details                        ;
+---------+-------+----------+--------------------------------+
; A[2..1] ; Input ; Info     ; Stuck at GND                   ;
; A[0]    ; Input ; Info     ; Stuck at VCC                   ;
; B[2]    ; Input ; Info     ; Stuck at GND                   ;
; B[1]    ; Input ; Info     ; Stuck at VCC                   ;
; B[0]    ; Input ; Info     ; Stuck at GND                   ;
; C[2]    ; Input ; Info     ; Stuck at GND                   ;
; C[1]    ; Input ; Info     ; Stuck at VCC                   ;
; C[0]    ; Input ; Info     ; Stuck at GND                   ;
; D[1..0] ; Input ; Info     ; Stuck at VCC                   ;
; D[2]    ; Input ; Info     ; Stuck at GND                   ;
; E[1..0] ; Input ; Info     ; Stuck at GND                   ;
; E[2]    ; Input ; Info     ; Stuck at VCC                   ;
; F       ; Input ; Info     ; Stuck at GND                   ;
+---------+-------+----------+--------------------------------+


+-------------------------------------------------------------+
; Port Connectivity Checks: "Lab8Part3:control|MUX6to1:case1" ;
+---------+-------+----------+--------------------------------+
; Port    ; Type  ; Severity ; Details                        ;
+---------+-------+----------+--------------------------------+
; A       ; Input ; Info     ; Stuck at GND                   ;
; B[2..1] ; Input ; Info     ; Stuck at GND                   ;
; B[0]    ; Input ; Info     ; Stuck at VCC                   ;
; C[2]    ; Input ; Info     ; Stuck at GND                   ;
; C[1]    ; Input ; Info     ; Stuck at VCC                   ;
; C[0]    ; Input ; Info     ; Stuck at GND                   ;
; D[2]    ; Input ; Info     ; Stuck at GND                   ;
; D[1]    ; Input ; Info     ; Stuck at VCC                   ;
; D[0]    ; Input ; Info     ; Stuck at GND                   ;
; E[1..0] ; Input ; Info     ; Stuck at VCC                   ;
; E[2]    ; Input ; Info     ; Stuck at GND                   ;
; F[1..0] ; Input ; Info     ; Stuck at GND                   ;
; F[2]    ; Input ; Info     ; Stuck at VCC                   ;
+---------+-------+----------+--------------------------------+


+-----------------------------------------------------+
; Post-Synthesis Netlist Statistics for Top Partition ;
+-----------------------+-----------------------------+
; Type                  ; Count                       ;
+-----------------------+-----------------------------+
; boundary_port         ; 44                          ;
; cycloneiii_ff         ; 29                          ;
;     ENA               ; 3                           ;
;     plain             ; 26                          ;
; cycloneiii_lcell_comb ; 97                          ;
;     arith             ; 26                          ;
;         2 data inputs ; 26                          ;
;     normal            ; 71                          ;
;         0 data inputs ; 1                           ;
;         1 data inputs ; 13                          ;
;         2 data inputs ; 31                          ;
;         3 data inputs ; 16                          ;
;         4 data inputs ; 10                          ;
;                       ;                             ;
; Max LUT depth         ; 9.00                        ;
; Average LUT depth     ; 5.85                        ;
+-----------------------+-----------------------------+


+-------------------------------+
; Elapsed Time Per Partition    ;
+----------------+--------------+
; Partition Name ; Elapsed Time ;
+----------------+--------------+
; Top            ; 00:00:00     ;
+----------------+--------------+


+-------------------------------+
; Analysis & Synthesis Messages ;
+-------------------------------+
Info: *******************************************************************
Info: Running Quartus Prime Analysis & Synthesis
    Info: Version 20.1.1 Build 720 11/11/2020 SJ Standard Edition
    Info: Processing started: Mon Mar 20 17:11:33 2023
Info: Command: quartus_map --read_settings_files=on --write_settings_files=off Lab8 -c Lab8
Warning (18236): Number of processors has not been specified which may cause overloading on shared machines.  Set the global assignment NUM_PARALLEL_PROCESSORS in your QSF to an appropriate value for best performance.
Info (20030): Parallel compilation is enabled and will use 4 of the 4 processors detected
Info (12021): Found 1 design units, including 1 entities, in source file hex7seg.v
    Info (12023): Found entity 1: hex7seg File: D:/MTU Semester VI/EE2174 Digital Logic/Lab/Lab8/src/hex7seg.v Line: 21
Info (12021): Found 1 design units, including 1 entities, in source file mux6to1.v
    Info (12023): Found entity 1: MUX6to1 File: D:/MTU Semester VI/EE2174 Digital Logic/Lab/Lab8/src/MUX6to1.v Line: 3
Info (12021): Found 1 design units, including 1 entities, in source file mux3bit2to1.v
    Info (12023): Found entity 1: MUX3bit2to1 File: D:/MTU Semester VI/EE2174 Digital Logic/Lab/Lab8/src/MUX3bit2to1.v Line: 2
Info (12021): Found 1 design units, including 1 entities, in source file mux2to1.v
    Info (12023): Found entity 1: MUX2to1 File: D:/MTU Semester VI/EE2174 Digital Logic/Lab/Lab8/src/MUX2to1.v Line: 2
Info (12021): Found 1 design units, including 1 entities, in source file lab8part4.v
    Info (12023): Found entity 1: Lab8Part4 File: D:/MTU Semester VI/EE2174 Digital Logic/Lab/Lab8/src/Lab8Part4.v Line: 1
Info (12021): Found 1 design units, including 1 entities, in source file lab8part3.v
    Info (12023): Found entity 1: Lab8Part3 File: D:/MTU Semester VI/EE2174 Digital Logic/Lab/Lab8/src/Lab8Part3.v Line: 2
Info (12021): Found 1 design units, including 1 entities, in source file hellodecoder.v
    Info (12023): Found entity 1: HelloDecoder File: D:/MTU Semester VI/EE2174 Digital Logic/Lab/Lab8/src/HelloDecoder.v Line: 2
Info (12021): Found 1 design units, including 1 entities, in source file lab8part2.v
    Info (12023): Found entity 1: Lab8Part2 File: D:/MTU Semester VI/EE2174 Digital Logic/Lab/Lab8/src/Lab8Part2.v Line: 2
Info (12021): Found 1 design units, including 1 entities, in source file timer.v
    Info (12023): Found entity 1: Timer File: D:/MTU Semester VI/EE2174 Digital Logic/Lab/Lab8/src/Timer.v Line: 1
Info (12127): Elaborating entity "Lab8Part4" for the top level hierarchy
Info (12128): Elaborating entity "Timer" for hierarchy "Timer:t" File: D:/MTU Semester VI/EE2174 Digital Logic/Lab/Lab8/src/Lab8Part4.v Line: 10
Warning (10230): Verilog HDL assignment warning at Timer.v(21): truncated value with size 32 to match size of target (3) File: D:/MTU Semester VI/EE2174 Digital Logic/Lab/Lab8/src/Timer.v Line: 21
Warning (10230): Verilog HDL assignment warning at Timer.v(32): truncated value with size 32 to match size of target (3) File: D:/MTU Semester VI/EE2174 Digital Logic/Lab/Lab8/src/Timer.v Line: 32
Info (12128): Elaborating entity "Lab8Part3" for hierarchy "Lab8Part3:control" File: D:/MTU Semester VI/EE2174 Digital Logic/Lab/Lab8/src/Lab8Part4.v Line: 12
Info (12128): Elaborating entity "MUX6to1" for hierarchy "Lab8Part3:control|MUX6to1:case1" File: D:/MTU Semester VI/EE2174 Digital Logic/Lab/Lab8/src/Lab8Part3.v Line: 20
Info (12128): Elaborating entity "MUX3bit2to1" for hierarchy "Lab8Part3:control|MUX6to1:case1|MUX3bit2to1:MUX0" File: D:/MTU Semester VI/EE2174 Digital Logic/Lab/Lab8/src/MUX6to1.v Line: 14
Info (12128): Elaborating entity "HelloDecoder" for hierarchy "Lab8Part3:control|HelloDecoder:display1" File: D:/MTU Semester VI/EE2174 Digital Logic/Lab/Lab8/src/Lab8Part3.v Line: 21
Info (286030): Timing-Driven Synthesis is running
Info (144001): Generated suppressed messages file D:/MTU Semester VI/EE2174 Digital Logic/Lab/Lab8/src/output_files/Lab8.map.smsg
Info (16010): Generating hard_block partition "hard_block:auto_generated_inst"
    Info (16011): Adding 0 node(s), including 0 DDIO, 0 PLL, 0 transceiver and 0 LCELL
Info (21057): Implemented 128 device resources after synthesis - the final resource count might be different
    Info (21058): Implemented 2 input pins
    Info (21059): Implemented 42 output pins
    Info (21061): Implemented 84 logic cells
Info: Quartus Prime Analysis & Synthesis was successful. 0 errors, 3 warnings
    Info: Peak virtual memory: 4767 megabytes
    Info: Processing ended: Mon Mar 20 17:11:43 2023
    Info: Elapsed time: 00:00:10
    Info: Total CPU time (on all processors): 00:00:19


+------------------------------------------+
; Analysis & Synthesis Suppressed Messages ;
+------------------------------------------+
The suppressed messages can be found in D:/MTU Semester VI/EE2174 Digital Logic/Lab/Lab8/src/output_files/Lab8.map.smsg.


